<?xml version="1.0" encoding="UTF-8"?>
<!-- Generated by org.testng.reporters.JUnitReportReporter -->
<testsuite skipped="0" hostname="Priya-LAPTOP-1TGV3P3L" name="testScripts.DemoBlazeRunTest" tests="4" failures="0" timestamp="2023-03-16T19:01:50 IST" time="41.888" errors="0">
  <testcase name="homepage" time="3.055" classname="testScripts.DemoBlazeRunTest"/>
  <system-out/>
  <testcase name="multiItems" time="10.251" classname="testScripts.DemoBlazeRunTest"/>
  <system-out/>
  <testcase name="multiItems" time="14.312" classname="testScripts.DemoBlazeRunTest"/>
  <system-out/>
  <testcase name="cartList" time="14.270" classname="testScripts.DemoBlazeRunTest"/>
  <system-out/>
</testsuite> <!-- testScripts.DemoBlazeRunTest -->
