<?xml version="1.0" encoding="UTF-8"?>
<!-- Generated by org.testng.reporters.JUnitReportReporter -->
<testsuite skipped="0" hostname="Priya-LAPTOP-1TGV3P3L" name="testScripts.DemoBlazeRunTest" tests="4" failures="0" timestamp="2023-03-16T16:23:52 IST" time="35.628" errors="0">
  <testcase name="Homepage" time="3.333" classname="testScripts.DemoBlazeRunTest"/>
  <system-out/>
  <testcase name="multiItems" time="9.678" classname="testScripts.DemoBlazeRunTest"/>
  <system-out/>
  <testcase name="multiItems" time="9.710" classname="testScripts.DemoBlazeRunTest"/>
  <system-out/>
  <testcase name="CartList" time="12.907" classname="testScripts.DemoBlazeRunTest"/>
  <system-out/>
</testsuite> <!-- testScripts.DemoBlazeRunTest -->
