<?xml version="1.0" encoding="UTF-8"?>
<!-- Generated by org.testng.reporters.JUnitReportReporter -->
<testsuite skipped="0" hostname="Priya-LAPTOP-1TGV3P3L" name="testScripts.DemoBlazeRunTest" tests="6" failures="0" timestamp="2023-03-15T12:41:01 IST" time="31.074" errors="0">
  <testcase name="userloginTest" time="0.514" classname="testScripts.DemoBlazeRunTest"/>
  <system-out/>
  <testcase name="selectItems" time="10.196" classname="testScripts.DemoBlazeRunTest"/>
  <system-out/>
  <testcase name="selectItems" time="10.771" classname="testScripts.DemoBlazeRunTest"/>
  <system-out/>
  <testcase name="ViewCart" time="2.587" classname="testScripts.DemoBlazeRunTest"/>
  <system-out/>
  <testcase name="delete" time="0.129" classname="testScripts.DemoBlazeRunTest"/>
  <system-out/>
  <testcase name="PlaceOrder" time="6.877" classname="testScripts.DemoBlazeRunTest"/>
  <system-out/>
</testsuite> <!-- testScripts.DemoBlazeRunTest -->
